<?xml version="1.0" encoding="UTF-8"?>
<!-- Generated by org.testng.reporters.JUnitReportReporter -->
<testsuite skipped="0" hostname="PU-Ps22750" name="pages.AddEmployeeTest" tests="2" failures="0" timestamp="2019-12-31T18:44:20 IST" time="124.400" errors="0">
  <testcase name="verifyCreateLoginDetails" time="65.822" classname="pages.AddEmployeeTest"/>
  <testcase name="verifyPageLoad" time="58.578" classname="pages.AddEmployeeTest"/>
</testsuite> <!-- pages.AddEmployeeTest -->
