<?xml version="1.0" encoding="UTF-8"?>
<!-- Generated by org.testng.reporters.JUnitReportReporter -->
<testsuite skipped="2" hostname="PU-Ps22750" name="pages.EmployeeListTest" tests="3" failures="0" timestamp="2019-12-31T14:47:37 IST" time="164.647" errors="0">
  <testcase name="verifyEmpListByExcel" time="164.647" classname="pages.EmployeeListTest"/>
  <testcase name="verifyEmployeeRowList" classname="pages.EmployeeListTest">
    <skipped/>
  </testcase> <!-- verifyEmployeeRowList -->
  <testcase name="verifyEmployeeList" classname="pages.EmployeeListTest">
    <skipped/>
  </testcase> <!-- verifyEmployeeList -->
</testsuite> <!-- pages.EmployeeListTest -->
