<?xml version="1.0" encoding="UTF-8"?>
<!-- Generated by org.testng.reporters.JUnitReportReporter -->
<testsuite skipped="0" hostname="PU-Ps22750" name="pages.AddEmployeeTest" tests="2" failures="0" timestamp="31 Dec 2019 13:18:54 GMT" time="119.155" errors="0">
  <testcase name="verifyPageLoad" time="54.986" classname="pages.AddEmployeeTest"/>
  <testcase name="verifyCreateLoginDetails" time="64.169" classname="pages.AddEmployeeTest"/>
</testsuite> <!-- pages.AddEmployeeTest -->
